// rest-shell 1.0.1.BUILD-SNAPSHOT log opened at 2016-03-08 10:12:21
discover http://contactdataservice-untippled-birthplace.cfapps.io/contacts
get 1
post --data "{firstName: 'Peter', lastName: 'Sullivan', title: 'Platform Architect', email: 'pesullivan@pivotal.io', phone: '312-286-4891'}"
get 1
put 1 --data "{firstName: 'Jig', lastName: 'Sheth', title: 'Platform Architect', email: 'jsheth@pivotal.io', phone: '847-970-0298'}"
get self
get self
post --data "{firstName: 'Peter', lastName: 'Sullivan', title: 'Platform Architect', email: 'pesullivan@pivotal.io', phone: '312-286-4891'}"
put 1 --data "{firstName: 'Jig', lastName: 'Sheth', title: 'Platform Architect', email: 'jsheth@pivotal.io', phone: '847-970-0298'}"
put 1 --data "{firstName: 'Jig', lastName: 'Sheth', title: 'Platform Architect', email: 'jsheth@pivotal.io', phone: '847-970-0298'}"
help
header list
var get
post --data "{firstName: 'Peter', lastName: 'Sullivan', title: 'Platform Architect', email: 'pesullivan@pivotal.io', phone: '312-286-4891'}"
get self
put 14 --data "{firstName: 'Jig', lastName: 'Sheth', title: 'Platform Architect', email: 'jsheth@pivotal.io', phone: '847-970-0298'}"
put 14 --data "{firstName: 'Peter', lastName: 'Sullivan', title: 'Platform Architect', email: 'pesullivan@pivotal.io', phone: '312-286-4891'}"
discover http://192.168.99.101:8080/contacts
get self
get 1
post --data "{firstName: 'Peter', lastName: 'Sullivan', title: 'Platform Architect', email: 'pesullivan@pivotal.io', phone: '312-286-4891'}"
post --data "{firstName: 'Peter', lastName: 'Sullivan', title: 'Platform Architect', email: 'pesullivan@pivotal.io', phone: '312-286-4891'}"
get self
put 1 --data "{firstName: 'Jignesh', lastName: 'Sheth', title: 'PA', email: 'jsheth@pivotal.io', phone: '847-970-0298'}"
get self
get 1
put 1 --data "{firstName: 'Jignesh', lastName: 'Sheth', title: 'PA', email: 'jsheth@pivotal.io', phone: '847-970-0298'}"
get 1
put 1 --data "{firstName: 'Jignesh', lastName: 'Sheth', title: 'PA', email: 'jsheth@pivotal.io', phone: '847-970-0298'}"
put 1 --data "{firstName: 'Jignesh', lastName: 'Sheth', title: 'PA', email: 'jsheth@pivotal.io', phone: '847-970-0298'}"
post --data "{firstName: 'Peter', lastName: 'Sullivan', title: 'Platform Architect', email: 'pesullivan@pivotal.io', phone: '312-286-4891'}"
get self
delete 2
post --data "{firstName: 'Peter', lastName: 'Sullivan', title: 'Platform Architect', email: 'pesullivan@pivotal.io', phone: '312-286-4891'}"
put 1 --data "{firstName: 'Jignesh', lastName: 'Sheth', title: 'PA', email: 'jsheth@pivotal.io', phone: '847-970-0298'}"
delete 2
discover http://contactdataservice.local.pcfdev.io/contacts/
get 1
put 1 --data "{firstName: 'Jignesh', lastName: 'Sheth', title: 'PA', email: 'jsheth@pivotal.io', phone: '847-970-0298'}"
get 1
put 1 --data "{firstName: 'Jignesh', lastName: 'Sheth', title: 'PA', email: 'jsheth@pivotal.io', phone: '847-970-0298'}"
get 1
put 1 --data "{firstName: 'Jignesh', lastName: 'Sheth', title: 'PA', email: 'jsheth@pivotal.io', phone: '847-970-0298'}"
put 1 --data "{firstName: 'Jignesh', lastName: 'Sheth', title: 'PA', email: 'jsheth@pivotal.io', phone: '847-970-0298'}"
discover http://contactdataservice-nonorientable-epanaphora.local.pcfdev.io/contacts
get 1
put 1 --data "{firstName: 'Jignesh', lastName: 'Sheth', title: 'PA', email: 'jsheth@pivotal.io', phone: '847-970-0298'}"
exit
// rest-shell 1.0.1.BUILD-SNAPSHOT log closed at 2016-03-09 18:55:08
// rest-shell 1.0.1.BUILD-SNAPSHOT log opened at 2016-03-10 10:43:35
discover http://contactdataservice-unpanelled-bottomry.local.pcfdev.io/contacts
get 1
post --data "{firstName: 'Peter', lastName: 'Sullivan', title: 'Platform Architect', email: 'pesullivan@pivotal.io', phone: '312-286-4891'}"
discover http://localhost:8080/contacts
post --data "{firstName: 'Peter', lastName: 'Sullivan', title: 'Platform Architect', email: 'pesullivan@pivotal.io', phone: '312-286-4891'}"
post --data "{firstName: 'Peter', lastName: 'Sullivan', title: 'Platform Architect', email: 'pesullivan@pivotal.io', phone: '312-286-4891'}"
post --data "{firstName: 'Peter', lastName: 'Sullivan', title: 'Platform Architect', email: 'pesullivan@pivotal.io', phone: '312-286-4891'}"
discover http://contactdataservice-unpanelled-bottomry.local.pcfdev.io/contacts
post --data "{firstName: 'Peter', lastName: 'Sullivan', title: 'Platform Architect', email: 'pesullivan@pivotal.io', phone: '312-286-4891'}"
discover http://localhost:8080/contacts
post --data "{firstName: 'Peter', lastName: 'Sullivan', title: 'Platform Architect', email: 'pesullivan@pivotal.io', phone: '312-286-4891'}"
discover http://contactdataservice-unpanelled-bottomry.local.pcfdev.io/contacts
post --data "{firstName: 'Peter', lastName: 'Sullivan', title: 'Platform Architect', email: 'pesullivan@pivotal.io', phone: '312-286-4891'}"
exit
// rest-shell 1.0.1.BUILD-SNAPSHOT log closed at 2016-03-10 13:59:14
// rest-shell 1.0.1.BUILD-SNAPSHOT log opened at 2016-03-23 18:13:39
discover http://contactdataservice-didactic-sleight.pcf5.cloud.fe.pivotal.io/contacts
get 1
post --data "{firstName: 'Peter', lastName: 'Sullivan', title: 'Platform Architect', email: 'pesullivan@pivotal.io', phone: '312-286-4891'}"
get self
put 1 --data "{firstName: 'Jig', lastName: 'Sheth', title: 'Platform Architect', email: 'jsheth@pivotal.io', phone: '847-970-0298'}"
delete 4
get self
exit
// rest-shell 1.0.1.BUILD-SNAPSHOT log closed at 2016-03-23 18:15:48
// rest-shell 1.0.1.BUILD-SNAPSHOT log opened at 2016-03-23 18:38:47
discover http://contactdataservice-nonidentical-enchondroma.pcf5.cloud.fe.pivotal.io/contacts
get 1
put 1 --data "{firstName: 'Jig', lastName: 'Sheth', title: 'Platform Architect', email: 'jsheth@pivotal.io', phone: '847-970-0298'}"
post --data "{firstName: 'Peter', lastName: 'Sullivan', title: 'Platform Architect', email: 'pesullivan@pivotal.io', phone: '312-286-4891'}"
delete 4
exit
// rest-shell 1.0.1.BUILD-SNAPSHOT log closed at 2016-03-23 18:39:43
// rest-shell 1.0.1.BUILD-SNAPSHOT log opened at 2016-03-31 00:00:01
discover http://contactdataservice-pugilistic-lieutenant.pcf5.cloud.fe.pivotal.io/contacts
post --data "{firstName: 'Peter', lastName: 'Sullivan', title: 'Platform Architect', email: 'pesullivan@pivotal.io', phone: '312-286-4891'}"
get self
exit
// rest-shell 1.0.1.BUILD-SNAPSHOT log closed at 2016-03-31 00:09:27
// rest-shell 1.0.1.BUILD-SNAPSHOT log opened at 2016-03-31 00:12:27
discover http://contactdataservice-pugilistic-lieutenant.pcf5.cloud.fe.pivotal.io/contacts
get self
delete 4
delete 7
delete 10
get self
post --data "{firstName: 'Peter', lastName: 'Sullivan', title: 'Platform Architect', email: 'pesullivan@pivotal.io', phone: '312-286-4891'}"
get self
get 1
get 1
get 1
get self
get self
exit
// rest-shell 1.0.1.BUILD-SNAPSHOT log closed at 2016-03-31 00:16:21
// rest-shell 1.0.1.BUILD-SNAPSHOT log opened at 2016-03-31 00:26:53
// [failed] discover http://192.168.99.100:8080/contacts
discover http://192.168.99.100:8080/contacts
exit
// rest-shell 1.0.1.BUILD-SNAPSHOT log closed at 2016-03-31 00:33:16
// rest-shell 1.0.1.BUILD-SNAPSHOT log opened at 2016-03-31 00:33:20
// [failed] discover http://192.168.99.100:8080/contacts
discover http://192.168.99.100:8080/contacts
get 1
